Build passes cleanly. Here's what was implemented:

**4 components created:**

1. **`conversation-item.tsx`** — Individual conversation row with:
   - Title (truncated), last message preview, relative time
   - Active state with accent left border
   - Hover: trash icon appears (replaces timestamp)
   - Click trash → inline "Usunąć?" confirm with check/X
   - Double-click title → inline edit (input, Enter saves, Esc cancels)

2. **`chat-sidebar.tsx`** — Left panel (w-72) with:
   - "Nowa rozmowa" button (accent bg, Plus icon)
   - Search input with Search icon (client-side, case-insensitive filter)
   - Scrollable conversation list sorted by lastActive DESC
   - "Brak rozmów" empty state

3. **`chat-header.tsx`** — Top bar (h-14) with:
   - PanelLeft toggle button (hidden on md+)
   - Title click → inline edit
   - Border-bottom, surface bg

4. **`chat-input.tsx`** — Bottom input area with:
   - Auto-resizing textarea (1-6 rows via scrollHeight)
   - Enter sends, Shift+Enter newlines
   - "/" at start shows QuickActions in menu variant (positioned above)
   - SendHorizontal button (accent when non-empty, disabled otherwise)
   - Paperclip button (disabled, "Wkrótce" tooltip)
   - Safe area bottom padding

**`index.ts`** updated with all new exports.
[DEV:P1T5] Started: 2026-03-29T12:15:39.778210+00:00
======================================================================

