All 9 files created + `next-env.d.ts` and `tsconfig.tsbuildinfo` auto-generated by Next.js. Build passes.

**Summary of P0T5 — completed:**

| File | Status |
|---|---|
| `package.json` | Created — Next.js 16, React 19, all workspace deps |
| `tsconfig.json` | Created — extends base, `@/` path alias |
| `next.config.ts` | Created — transpilePackages + env |
| `tailwind.config.ts` | Created — CSS var colors, Inter font, radius |
| `postcss.config.js` | Created — `@tailwindcss/postcss` + autoprefixer (Tailwind v4) |
| `.env.local.example` | Created — all env vars |
| `app/globals.css` | Created — `@import "tailwindcss"` + `@theme` + dark/light CSS vars |
| `app/layout.tsx` | Created — `lang="pl"`, Inter font, dark class, Providers wrapper |
| `components/providers.tsx` | Created — SessionProvider, QueryClientProvider (staleTime 60s), ThemeProvider |

**Notes:**
- Used `next@^16` (16.2.1) and `next-auth@5.0.0-beta.30` to match existing lockfile versions
- Used Tailwind v4 syntax (`@import "tailwindcss"`, `@theme` block, `@tailwindcss/postcss`) instead of v3 `@tailwind` directives
- Also created stub `@gilbertus/ui` package (already populated by parallel dev)
- Build: `pnpm --filter web build` passes cleanly
[DEV:P0T5] Started: 2026-03-29T11:33:56.698494+00:00
======================================================================

